<?xml version="1.0" encoding="UTF-8"?>
<!-- Generated by org.testng.reporters.JUnitReportReporter -->
<testsuite hostname="AishwaryaVivek" name="ProgrammaticallyRunning.MyClass" tests="1" failures="0" timestamp="30 Dec 2014 11:34:48 GMT" time="0.019" errors="0">
  <testcase name="abc" time="0.019" classname="ProgrammaticallyRunning.MyClass"/>
</testsuite> <!-- ProgrammaticallyRunning.MyClass -->
