<?xml version="1.0" encoding="UTF-8"?>
<!-- Generated by org.testng.reporters.JUnitReportReporter -->
<testsuite hostname="AishwaryaVivek" name="SuiteABC.TestB" tests="1" failures="0" timestamp="30 Dec 2014 11:34:48 GMT" time="0.002" errors="0">
  <testcase name="testB" time="0.002" classname="SuiteABC.TestB"/>
</testsuite> <!-- SuiteABC.TestB -->
